<?xml version="1.0" encoding="UTF-8"?>
<testsuites>
  <testsuite name="Pages_test" file="D:\xampp\htdocs\pwl-projek-ci3\application\tests\controllers\Pages_test.php" tests="3" assertions="3" errors="0" warnings="0" failures="0" skipped="0" time="0.025846">
    <testcase name="test_index" class="Pages_test" classname="Pages_test" file="D:\xampp\htdocs\pwl-projek-ci3\application\tests\controllers\Pages_test.php" line="5" assertions="1" time="0.015797"/>
    <testcase name="test_about" class="Pages_test" classname="Pages_test" file="D:\xampp\htdocs\pwl-projek-ci3\application\tests\controllers\Pages_test.php" line="11" assertions="1" time="0.006909"/>
    <testcase name="test_tambah" class="Pages_test" classname="Pages_test" file="D:\xampp\htdocs\pwl-projek-ci3\application\tests\controllers\Pages_test.php" line="17" assertions="1" time="0.003140"/>
  </testsuite>
</testsuites>
